<?xml version="1.0" encoding="UTF-8"?>
<!-- Generated by org.testng.reporters.JUnitReportReporter -->
<testsuite hostname="LAP-138" failures="0" tests="1" name="com.testwebsite.scripts.LoginProcessScript" time="15.543" errors="0" timestamp="2024-10-01T00:03:33 IST" skipped="0">
  <testcase classname="com.testwebsite.scripts.LoginProcessScript" name="loginToAKPMS" time="15.543"/>
</testsuite> <!-- com.testwebsite.scripts.LoginProcessScript -->
